<?xml version="1.0" encoding="UTF-8"?>
<testsuite xmlns:xsi="http://www.w3.org/2001/XMLSchema-instance" xsi:noNamespaceSchemaLocation="https://maven.apache.org/surefire/maven-surefire-plugin/xsd/surefire-test-report.xsd" name="model.PairTest" time="0.053" tests="2" errors="0" skipped="0" failures="0">
  <properties>
[...]
</properties>
  <testcase name="constructorTest" classname="model.PairTest" time="0.022"/>
  <testcase name="modifyValuesTest" classname="model.PairTest" time="0"/>
</testsuite>